<?xml version="1.0" encoding="UTF-8"?>
<!-- Generated by org.testng.reporters.JUnitReportReporter -->
<testsuite skipped="0" hostname="DESKTOP-5QEKCKI" name="Qaclickacademy_test.HomePage" tests="3" failures="0" timestamp="24 Mar 2020 14:41:29 GMT" time="12.220" errors="0">
  <testcase name="HomePage" time="3.870" classname="Qaclickacademy_test.HomePage"/>
  <testcase name="HomePage" time="3.692" classname="Qaclickacademy_test.HomePage"/>
  <testcase name="HomePage" time="4.658" classname="Qaclickacademy_test.HomePage"/>
</testsuite> <!-- Qaclickacademy_test.HomePage -->
