<?xml version="1.0" encoding="UTF-8"?>
<!-- Generated by org.testng.reporters.JUnitReportReporter -->
<testsuite skipped="0" hostname="DESKTOP-5QEKCKI" name="Amazon.Maven_Test_Practice.HomePage" tests="1" failures="0" timestamp="22 Jan 2020 00:16:20 GMT" time="14.929" errors="0">
  <testcase name="basepageNavigation" time="14.929" classname="Amazon.Maven_Test_Practice.HomePage"/>
</testsuite> <!-- Amazon.Maven_Test_Practice.HomePage -->
