<?xml version="1.0" encoding="UTF-8"?>
<!-- Generated by org.testng.reporters.JUnitReportReporter -->
<testsuite skipped="0" hostname="DESKTOP-5QEKCKI" name="Qaclickacademy_test.ValidateTitleTest" tests="1" failures="0" timestamp="24 Mar 2020 14:41:29 GMT" time="9.064" errors="0">
  <testcase name="ValidateTitleTest" time="9.064" classname="Qaclickacademy_test.ValidateTitleTest"/>
</testsuite> <!-- Qaclickacademy_test.ValidateTitleTest -->
