<?xml version="1.0" encoding="UTF-8"?>
<!-- Generated by org.testng.reporters.JUnitReportReporter -->
<testsuite skipped="0" hostname="DESKTOP-5QEKCKI" name="Qaclickacademy_test.ValidateTitle" tests="1" failures="0" timestamp="15 Feb 2020 17:45:10 GMT" time="15.426" errors="0">
  <testcase name="basepageNavigation" time="15.426" classname="Qaclickacademy_test.ValidateTitle"/>
</testsuite> <!-- Qaclickacademy_test.ValidateTitle -->
