<?xml version="1.0" encoding="UTF-8"?>
<!-- Generated by org.testng.reporters.JUnitReportReporter -->
<testsuite skipped="0" hostname="DESKTOP-5QEKCKI" name="Qaclickacademy_test.HomePage" tests="3" failures="0" timestamp="21 Feb 2020 17:22:55 GMT" time="12.504" errors="0">
  <testcase name="HomePage" time="4.931" classname="Qaclickacademy_test.HomePage"/>
  <testcase name="HomePage" time="3.748" classname="Qaclickacademy_test.HomePage"/>
  <testcase name="HomePage" time="3.825" classname="Qaclickacademy_test.HomePage"/>
</testsuite> <!-- Qaclickacademy_test.HomePage -->
